{"C:\\ESGI\\3A\\Outils et pratiques de code\\exam\\rendu_2\\Project-Outils\\backend\\server.js": {"path":"C:\\ESGI\\3A\\Outils et pratiques de code\\exam\\rendu_2\\Project-Outils\\backend\\server.js","statementMap":{"0":{"start":{"line":1,"column":16},"end":{"line":1,"column":34}},"1":{"start":{"line":2,"column":13},"end":{"line":2,"column":28}},"2":{"start":{"line":3,"column":15},"end":{"line":3,"column":34}},"3":{"start":{"line":4,"column":12},"end":{"line":4,"column":35}},"4":{"start":{"line":5,"column":23},"end":{"line":5,"column":38}},"5":{"start":{"line":6,"column":0},"end":{"line":6,"column":27}},"6":{"start":{"line":8,"column":12},"end":{"line":8,"column":21}},"7":{"start":{"line":9,"column":13},"end":{"line":9,"column":37}},"8":{"start":{"line":10,"column":19},"end":{"line":10,"column":65}},"9":{"start":{"line":13,"column":0},"end":{"line":13,"column":16}},"10":{"start":{"line":14,"column":0},"end":{"line":14,"column":24}},"11":{"start":{"line":17,"column":12},"end":{"line":24,"column":1}},"12":{"start":{"line":26,"column":12},"end":{"line":37,"column":1}},"13":{"start":{"line":40,"column":26},"end":{"line":55,"column":1}},"14":{"start":{"line":41,"column":21},"end":{"line":41,"column":49}},"15":{"start":{"line":42,"column":16},"end":{"line":42,"column":54}},"16":{"start":{"line":44,"column":2},"end":{"line":46,"column":3}},"17":{"start":{"line":45,"column":4},"end":{"line":45,"column":67}},"18":{"start":{"line":48,"column":2},"end":{"line":54,"column":5}},"19":{"start":{"line":49,"column":4},"end":{"line":51,"column":5}},"20":{"start":{"line":50,"column":6},"end":{"line":50,"column":63}},"21":{"start":{"line":52,"column":4},"end":{"line":52,"column":20}},"22":{"start":{"line":53,"column":4},"end":{"line":53,"column":11}},"23":{"start":{"line":58,"column":0},"end":{"line":90,"column":3}},"24":{"start":{"line":59,"column":2},"end":{"line":89,"column":3}},"25":{"start":{"line":60,"column":38},"end":{"line":60,"column":46}},"26":{"start":{"line":63,"column":4},"end":{"line":65,"column":5}},"27":{"start":{"line":63,"column":26},"end":{"line":63,"column":43}},"28":{"start":{"line":64,"column":6},"end":{"line":64,"column":74}},"29":{"start":{"line":68,"column":27},"end":{"line":68,"column":58}},"30":{"start":{"line":71,"column":17},"end":{"line":76,"column":5}},"31":{"start":{"line":78,"column":4},"end":{"line":78,"column":21}},"32":{"start":{"line":81,"column":18},"end":{"line":81,"column":78}},"33":{"start":{"line":83,"column":4},"end":{"line":86,"column":7}},"34":{"start":{"line":88,"column":4},"end":{"line":88,"column":54}},"35":{"start":{"line":92,"column":0},"end":{"line":118,"column":3}},"36":{"start":{"line":93,"column":2},"end":{"line":117,"column":3}},"37":{"start":{"line":94,"column":32},"end":{"line":94,"column":40}},"38":{"start":{"line":97,"column":17},"end":{"line":97,"column":53}},"39":{"start":{"line":97,"column":35},"end":{"line":97,"column":52}},"40":{"start":{"line":98,"column":4},"end":{"line":100,"column":5}},"41":{"start":{"line":99,"column":6},"end":{"line":99,"column":71}},"42":{"start":{"line":103,"column":26},"end":{"line":103,"column":71}},"43":{"start":{"line":104,"column":4},"end":{"line":106,"column":5}},"44":{"start":{"line":105,"column":6},"end":{"line":105,"column":71}},"45":{"start":{"line":109,"column":18},"end":{"line":109,"column":78}},"46":{"start":{"line":111,"column":4},"end":{"line":114,"column":7}},"47":{"start":{"line":116,"column":4},"end":{"line":116,"column":54}},"48":{"start":{"line":121,"column":0},"end":{"line":123,"column":3}},"49":{"start":{"line":122,"column":2},"end":{"line":122,"column":18}},"50":{"start":{"line":125,"column":0},"end":{"line":131,"column":3}},"51":{"start":{"line":126,"column":15},"end":{"line":126,"column":56}},"52":{"start":{"line":126,"column":33},"end":{"line":126,"column":55}},"53":{"start":{"line":127,"column":2},"end":{"line":129,"column":3}},"54":{"start":{"line":128,"column":4},"end":{"line":128,"column":64}},"55":{"start":{"line":130,"column":2},"end":{"line":130,"column":17}},"56":{"start":{"line":133,"column":0},"end":{"line":157,"column":3}},"57":{"start":{"line":134,"column":2},"end":{"line":156,"column":3}},"58":{"start":{"line":135,"column":68},"end":{"line":135,"column":76}},"59":{"start":{"line":137,"column":4},"end":{"line":139,"column":5}},"60":{"start":{"line":138,"column":6},"end":{"line":138,"column":68}},"61":{"start":{"line":141,"column":17},"end":{"line":150,"column":5}},"62":{"start":{"line":152,"column":4},"end":{"line":152,"column":21}},"63":{"start":{"line":153,"column":4},"end":{"line":153,"column":31}},"64":{"start":{"line":155,"column":4},"end":{"line":155,"column":54}},"65":{"start":{"line":159,"column":0},"end":{"line":183,"column":3}},"66":{"start":{"line":160,"column":2},"end":{"line":182,"column":3}},"67":{"start":{"line":161,"column":22},"end":{"line":161,"column":68}},"68":{"start":{"line":161,"column":45},"end":{"line":161,"column":67}},"69":{"start":{"line":162,"column":4},"end":{"line":164,"column":5}},"70":{"start":{"line":163,"column":6},"end":{"line":163,"column":66}},"71":{"start":{"line":166,"column":65},"end":{"line":166,"column":73}},"72":{"start":{"line":168,"column":4},"end":{"line":177,"column":6}},"73":{"start":{"line":179,"column":4},"end":{"line":179,"column":31}},"74":{"start":{"line":181,"column":4},"end":{"line":181,"column":54}},"75":{"start":{"line":185,"column":0},"end":{"line":193,"column":3}},"76":{"start":{"line":186,"column":20},"end":{"line":186,"column":66}},"77":{"start":{"line":186,"column":43},"end":{"line":186,"column":65}},"78":{"start":{"line":187,"column":2},"end":{"line":189,"column":3}},"79":{"start":{"line":188,"column":4},"end":{"line":188,"column":64}},"80":{"start":{"line":191,"column":2},"end":{"line":191,"column":29}},"81":{"start":{"line":192,"column":2},"end":{"line":192,"column":25}},"82":{"start":{"line":196,"column":0},"end":{"line":199,"column":3}},"83":{"start":{"line":197,"column":32},"end":{"line":197,"column":74}},"84":{"start":{"line":197,"column":69},"end":{"line":197,"column":73}},"85":{"start":{"line":198,"column":2},"end":{"line":198,"column":34}},"86":{"start":{"line":202,"column":0},"end":{"line":204,"column":3}},"87":{"start":{"line":203,"column":2},"end":{"line":203,"column":66}},"88":{"start":{"line":207,"column":0},"end":{"line":209,"column":3}},"89":{"start":{"line":208,"column":2},"end":{"line":208,"column":55}},"90":{"start":{"line":212,"column":0},"end":{"line":216,"column":1}},"91":{"start":{"line":213,"column":2},"end":{"line":215,"column":5}},"92":{"start":{"line":214,"column":4},"end":{"line":214,"column":55}},"93":{"start":{"line":218,"column":0},"end":{"line":218,"column":44}}},"fnMap":{"0":{"name":"(anonymous_0)","decl":{"start":{"line":40,"column":26},"end":{"line":40,"column":27}},"loc":{"start":{"line":40,"column":46},"end":{"line":55,"column":1}},"line":40},"1":{"name":"(anonymous_1)","decl":{"start":{"line":48,"column":32},"end":{"line":48,"column":33}},"loc":{"start":{"line":48,"column":47},"end":{"line":54,"column":3}},"line":48},"2":{"name":"(anonymous_2)","decl":{"start":{"line":58,"column":31},"end":{"line":58,"column":32}},"loc":{"start":{"line":58,"column":51},"end":{"line":90,"column":1}},"line":58},"3":{"name":"(anonymous_3)","decl":{"start":{"line":63,"column":19},"end":{"line":63,"column":20}},"loc":{"start":{"line":63,"column":26},"end":{"line":63,"column":43}},"line":63},"4":{"name":"(anonymous_4)","decl":{"start":{"line":92,"column":28},"end":{"line":92,"column":29}},"loc":{"start":{"line":92,"column":48},"end":{"line":118,"column":1}},"line":92},"5":{"name":"(anonymous_5)","decl":{"start":{"line":97,"column":28},"end":{"line":97,"column":29}},"loc":{"start":{"line":97,"column":35},"end":{"line":97,"column":52}},"line":97},"6":{"name":"(anonymous_6)","decl":{"start":{"line":121,"column":41},"end":{"line":121,"column":42}},"loc":{"start":{"line":121,"column":55},"end":{"line":123,"column":1}},"line":121},"7":{"name":"(anonymous_7)","decl":{"start":{"line":125,"column":45},"end":{"line":125,"column":46}},"loc":{"start":{"line":125,"column":59},"end":{"line":131,"column":1}},"line":125},"8":{"name":"(anonymous_8)","decl":{"start":{"line":126,"column":26},"end":{"line":126,"column":27}},"loc":{"start":{"line":126,"column":33},"end":{"line":126,"column":55}},"line":126},"9":{"name":"(anonymous_9)","decl":{"start":{"line":133,"column":42},"end":{"line":133,"column":43}},"loc":{"start":{"line":133,"column":56},"end":{"line":157,"column":1}},"line":133},"10":{"name":"(anonymous_10)","decl":{"start":{"line":159,"column":45},"end":{"line":159,"column":46}},"loc":{"start":{"line":159,"column":59},"end":{"line":183,"column":1}},"line":159},"11":{"name":"(anonymous_11)","decl":{"start":{"line":161,"column":38},"end":{"line":161,"column":39}},"loc":{"start":{"line":161,"column":45},"end":{"line":161,"column":67}},"line":161},"12":{"name":"(anonymous_12)","decl":{"start":{"line":185,"column":48},"end":{"line":185,"column":49}},"loc":{"start":{"line":185,"column":62},"end":{"line":193,"column":1}},"line":185},"13":{"name":"(anonymous_13)","decl":{"start":{"line":186,"column":36},"end":{"line":186,"column":37}},"loc":{"start":{"line":186,"column":43},"end":{"line":186,"column":65}},"line":186},"14":{"name":"(anonymous_14)","decl":{"start":{"line":196,"column":41},"end":{"line":196,"column":42}},"loc":{"start":{"line":196,"column":55},"end":{"line":199,"column":1}},"line":196},"15":{"name":"(anonymous_15)","decl":{"start":{"line":197,"column":42},"end":{"line":197,"column":43}},"loc":{"start":{"line":197,"column":69},"end":{"line":197,"column":73}},"line":197},"16":{"name":"(anonymous_16)","decl":{"start":{"line":202,"column":19},"end":{"line":202,"column":20}},"loc":{"start":{"line":202,"column":33},"end":{"line":204,"column":1}},"line":202},"17":{"name":"(anonymous_17)","decl":{"start":{"line":207,"column":13},"end":{"line":207,"column":14}},"loc":{"start":{"line":207,"column":27},"end":{"line":209,"column":1}},"line":207},"18":{"name":"(anonymous_18)","decl":{"start":{"line":213,"column":19},"end":{"line":213,"column":20}},"loc":{"start":{"line":213,"column":25},"end":{"line":215,"column":3}},"line":213}},"branchMap":{"0":{"loc":{"start":{"line":9,"column":13},"end":{"line":9,"column":37}},"type":"binary-expr","locations":[{"start":{"line":9,"column":13},"end":{"line":9,"column":29}},{"start":{"line":9,"column":33},"end":{"line":9,"column":37}}],"line":9},"1":{"loc":{"start":{"line":10,"column":19},"end":{"line":10,"column":65}},"type":"binary-expr","locations":[{"start":{"line":10,"column":19},"end":{"line":10,"column":41}},{"start":{"line":10,"column":45},"end":{"line":10,"column":65}}],"line":10},"2":{"loc":{"start":{"line":42,"column":16},"end":{"line":42,"column":54}},"type":"binary-expr","locations":[{"start":{"line":42,"column":16},"end":{"line":42,"column":26}},{"start":{"line":42,"column":30},"end":{"line":42,"column":54}}],"line":42},"3":{"loc":{"start":{"line":44,"column":2},"end":{"line":46,"column":3}},"type":"if","locations":[{"start":{"line":44,"column":2},"end":{"line":46,"column":3}},{"start":{},"end":{}}],"line":44},"4":{"loc":{"start":{"line":49,"column":4},"end":{"line":51,"column":5}},"type":"if","locations":[{"start":{"line":49,"column":4},"end":{"line":51,"column":5}},{"start":{},"end":{}}],"line":49},"5":{"loc":{"start":{"line":63,"column":4},"end":{"line":65,"column":5}},"type":"if","locations":[{"start":{"line":63,"column":4},"end":{"line":65,"column":5}},{"start":{},"end":{}}],"line":63},"6":{"loc":{"start":{"line":98,"column":4},"end":{"line":100,"column":5}},"type":"if","locations":[{"start":{"line":98,"column":4},"end":{"line":100,"column":5}},{"start":{},"end":{}}],"line":98},"7":{"loc":{"start":{"line":104,"column":4},"end":{"line":106,"column":5}},"type":"if","locations":[{"start":{"line":104,"column":4},"end":{"line":106,"column":5}},{"start":{},"end":{}}],"line":104},"8":{"loc":{"start":{"line":127,"column":2},"end":{"line":129,"column":3}},"type":"if","locations":[{"start":{"line":127,"column":2},"end":{"line":129,"column":3}},{"start":{},"end":{}}],"line":127},"9":{"loc":{"start":{"line":135,"column":32},"end":{"line":135,"column":51}},"type":"default-arg","locations":[{"start":{"line":135,"column":43},"end":{"line":135,"column":51}}],"line":135},"10":{"loc":{"start":{"line":137,"column":4},"end":{"line":139,"column":5}},"type":"if","locations":[{"start":{"line":137,"column":4},"end":{"line":139,"column":5}},{"start":{},"end":{}}],"line":137},"11":{"loc":{"start":{"line":144,"column":19},"end":{"line":144,"column":36}},"type":"binary-expr","locations":[{"start":{"line":144,"column":19},"end":{"line":144,"column":30}},{"start":{"line":144,"column":34},"end":{"line":144,"column":36}}],"line":144},"12":{"loc":{"start":{"line":147,"column":18},"end":{"line":147,"column":47}},"type":"binary-expr","locations":[{"start":{"line":147,"column":18},"end":{"line":147,"column":28}},{"start":{"line":147,"column":32},"end":{"line":147,"column":47}}],"line":147},"13":{"loc":{"start":{"line":162,"column":4},"end":{"line":164,"column":5}},"type":"if","locations":[{"start":{"line":162,"column":4},"end":{"line":164,"column":5}},{"start":{},"end":{}}],"line":162},"14":{"loc":{"start":{"line":170,"column":13},"end":{"line":170,"column":44}},"type":"binary-expr","locations":[{"start":{"line":170,"column":13},"end":{"line":170,"column":18}},{"start":{"line":170,"column":22},"end":{"line":170,"column":44}}],"line":170},"15":{"loc":{"start":{"line":172,"column":8},"end":{"line":172,"column":78}},"type":"cond-expr","locations":[{"start":{"line":172,"column":36},"end":{"line":172,"column":47}},{"start":{"line":172,"column":50},"end":{"line":172,"column":78}}],"line":172},"16":{"loc":{"start":{"line":173,"column":14},"end":{"line":173,"column":47}},"type":"binary-expr","locations":[{"start":{"line":173,"column":14},"end":{"line":173,"column":20}},{"start":{"line":173,"column":24},"end":{"line":173,"column":47}}],"line":173},"17":{"loc":{"start":{"line":174,"column":16},"end":{"line":174,"column":53}},"type":"binary-expr","locations":[{"start":{"line":174,"column":16},"end":{"line":174,"column":24}},{"start":{"line":174,"column":28},"end":{"line":174,"column":53}}],"line":174},"18":{"loc":{"start":{"line":175,"column":18},"end":{"line":175,"column":59}},"type":"binary-expr","locations":[{"start":{"line":175,"column":18},"end":{"line":175,"column":28}},{"start":{"line":175,"column":32},"end":{"line":175,"column":59}}],"line":175},"19":{"loc":{"start":{"line":187,"column":2},"end":{"line":189,"column":3}},"type":"if","locations":[{"start":{"line":187,"column":2},"end":{"line":189,"column":3}},{"start":{},"end":{}}],"line":187},"20":{"loc":{"start":{"line":212,"column":0},"end":{"line":216,"column":1}},"type":"if","locations":[{"start":{"line":212,"column":0},"end":{"line":216,"column":1}},{"start":{},"end":{}}],"line":212}},"s":{"0":1,"1":1,"2":1,"3":1,"4":1,"5":1,"6":1,"7":1,"8":1,"9":1,"10":1,"11":1,"12":1,"13":1,"14":1,"15":1,"16":1,"17":1,"18":0,"19":0,"20":0,"21":0,"22":0,"23":1,"24":0,"25":0,"26":0,"27":0,"28":0,"29":0,"30":0,"31":0,"32":0,"33":0,"34":0,"35":1,"36":0,"37":0,"38":0,"39":0,"40":0,"41":0,"42":0,"43":0,"44":0,"45":0,"46":0,"47":0,"48":1,"49":0,"50":1,"51":0,"52":0,"53":0,"54":0,"55":0,"56":1,"57":0,"58":0,"59":0,"60":0,"61":0,"62":0,"63":0,"64":0,"65":1,"66":0,"67":0,"68":0,"69":0,"70":0,"71":0,"72":0,"73":0,"74":0,"75":1,"76":0,"77":0,"78":0,"79":0,"80":0,"81":0,"82":1,"83":0,"84":0,"85":0,"86":1,"87":0,"88":1,"89":0,"90":1,"91":0,"92":0,"93":1},"f":{"0":1,"1":0,"2":0,"3":0,"4":0,"5":0,"6":0,"7":0,"8":0,"9":0,"10":0,"11":0,"12":0,"13":0,"14":0,"15":0,"16":0,"17":0,"18":0},"b":{"0":[1,1],"1":[1,1],"2":[1,0],"3":[1,0],"4":[0,0],"5":[0,0],"6":[0,0],"7":[0,0],"8":[0,0],"9":[0],"10":[0,0],"11":[0,0],"12":[0,0],"13":[0,0],"14":[0,0],"15":[0,0],"16":[0,0],"17":[0,0],"18":[0,0],"19":[0,0],"20":[0,1]},"_coverageSchema":"1a1c01bbd47fc00a2c39e90264f33305004495a9","hash":"1b52ed39ba6aabb88ecc44d517009d4cf1f6756c"}
}
