TN:
SF:server.js
FN:40,(anonymous_0)
FN:48,(anonymous_1)
FN:58,(anonymous_2)
FN:63,(anonymous_3)
FN:92,(anonymous_4)
FN:97,(anonymous_5)
FN:121,(anonymous_6)
FN:125,(anonymous_7)
FN:126,(anonymous_8)
FN:133,(anonymous_9)
FN:159,(anonymous_10)
FN:161,(anonymous_11)
FN:185,(anonymous_12)
FN:186,(anonymous_13)
FN:196,(anonymous_14)
FN:197,(anonymous_15)
FN:202,(anonymous_16)
FN:207,(anonymous_17)
FN:213,(anonymous_18)
FNF:19
FNH:15
FNDA:7,(anonymous_0)
FNDA:6,(anonymous_1)
FNDA:1,(anonymous_2)
FNDA:1,(anonymous_3)
FNDA:2,(anonymous_4)
FNDA:2,(anonymous_5)
FNDA:1,(anonymous_6)
FNDA:2,(anonymous_7)
FNDA:3,(anonymous_8)
FNDA:1,(anonymous_9)
FNDA:1,(anonymous_10)
FNDA:2,(anonymous_11)
FNDA:1,(anonymous_12)
FNDA:2,(anonymous_13)
FNDA:0,(anonymous_14)
FNDA:0,(anonymous_15)
FNDA:1,(anonymous_16)
FNDA:0,(anonymous_17)
FNDA:0,(anonymous_18)
DA:1,4
DA:2,4
DA:3,4
DA:4,4
DA:5,4
DA:6,4
DA:8,4
DA:9,4
DA:10,4
DA:13,4
DA:14,4
DA:17,4
DA:26,4
DA:40,4
DA:41,7
DA:42,7
DA:44,7
DA:45,1
DA:48,6
DA:49,6
DA:50,0
DA:52,6
DA:53,6
DA:58,4
DA:59,1
DA:60,1
DA:63,1
DA:64,0
DA:68,1
DA:71,1
DA:78,1
DA:81,1
DA:83,1
DA:88,0
DA:92,4
DA:93,2
DA:94,2
DA:97,2
DA:98,2
DA:99,0
DA:103,2
DA:104,2
DA:105,0
DA:109,2
DA:111,2
DA:116,0
DA:121,4
DA:122,1
DA:125,4
DA:126,3
DA:127,2
DA:128,1
DA:130,1
DA:133,4
DA:134,1
DA:135,1
DA:137,1
DA:138,0
DA:141,1
DA:152,1
DA:153,1
DA:155,0
DA:159,4
DA:160,1
DA:161,2
DA:162,1
DA:163,0
DA:166,1
DA:168,1
DA:179,1
DA:181,0
DA:185,4
DA:186,2
DA:187,1
DA:188,0
DA:191,1
DA:192,1
DA:196,4
DA:197,0
DA:198,0
DA:202,4
DA:203,1
DA:207,4
DA:208,0
DA:212,4
DA:213,0
DA:214,0
DA:218,4
LF:88
LH:72
BRDA:9,0,0,4
BRDA:9,0,1,4
BRDA:10,1,0,4
BRDA:10,1,1,4
BRDA:42,2,0,7
BRDA:42,2,1,6
BRDA:44,3,0,1
BRDA:44,3,1,6
BRDA:49,4,0,0
BRDA:49,4,1,6
BRDA:63,5,0,0
BRDA:63,5,1,1
BRDA:98,6,0,0
BRDA:98,6,1,2
BRDA:104,7,0,0
BRDA:104,7,1,2
BRDA:127,8,0,1
BRDA:127,8,1,1
BRDA:135,9,0,0
BRDA:137,10,0,0
BRDA:137,10,1,1
BRDA:144,11,0,1
BRDA:144,11,1,0
BRDA:147,12,0,1
BRDA:147,12,1,1
BRDA:162,13,0,0
BRDA:162,13,1,1
BRDA:170,14,0,1
BRDA:170,14,1,1
BRDA:172,15,0,1
BRDA:172,15,1,0
BRDA:173,16,0,1
BRDA:173,16,1,0
BRDA:174,17,0,1
BRDA:174,17,1,1
BRDA:175,18,0,1
BRDA:175,18,1,1
BRDA:187,19,0,0
BRDA:187,19,1,1
BRDA:212,20,0,0
BRDA:212,20,1,4
BRF:41
BRH:29
end_of_record
