TN:
SF:server.js
FN:40,(anonymous_0)
FN:48,(anonymous_1)
FN:58,(anonymous_2)
FN:63,(anonymous_3)
FN:92,(anonymous_4)
FN:97,(anonymous_5)
FN:121,(anonymous_6)
FN:125,(anonymous_7)
FN:126,(anonymous_8)
FN:133,(anonymous_9)
FN:159,(anonymous_10)
FN:161,(anonymous_11)
FN:185,(anonymous_12)
FN:186,(anonymous_13)
FN:196,(anonymous_14)
FN:197,(anonymous_15)
FN:202,(anonymous_16)
FN:207,(anonymous_17)
FN:213,(anonymous_18)
FNF:19
FNH:1
FNDA:1,(anonymous_0)
FNDA:0,(anonymous_1)
FNDA:0,(anonymous_2)
FNDA:0,(anonymous_3)
FNDA:0,(anonymous_4)
FNDA:0,(anonymous_5)
FNDA:0,(anonymous_6)
FNDA:0,(anonymous_7)
FNDA:0,(anonymous_8)
FNDA:0,(anonymous_9)
FNDA:0,(anonymous_10)
FNDA:0,(anonymous_11)
FNDA:0,(anonymous_12)
FNDA:0,(anonymous_13)
FNDA:0,(anonymous_14)
FNDA:0,(anonymous_15)
FNDA:0,(anonymous_16)
FNDA:0,(anonymous_17)
FNDA:0,(anonymous_18)
DA:1,1
DA:2,1
DA:3,1
DA:4,1
DA:5,1
DA:6,1
DA:8,1
DA:9,1
DA:10,1
DA:13,1
DA:14,1
DA:17,1
DA:26,1
DA:40,1
DA:41,1
DA:42,1
DA:44,1
DA:45,1
DA:48,0
DA:49,0
DA:50,0
DA:52,0
DA:53,0
DA:58,1
DA:59,0
DA:60,0
DA:63,0
DA:64,0
DA:68,0
DA:71,0
DA:78,0
DA:81,0
DA:83,0
DA:88,0
DA:92,1
DA:93,0
DA:94,0
DA:97,0
DA:98,0
DA:99,0
DA:103,0
DA:104,0
DA:105,0
DA:109,0
DA:111,0
DA:116,0
DA:121,1
DA:122,0
DA:125,1
DA:126,0
DA:127,0
DA:128,0
DA:130,0
DA:133,1
DA:134,0
DA:135,0
DA:137,0
DA:138,0
DA:141,0
DA:152,0
DA:153,0
DA:155,0
DA:159,1
DA:160,0
DA:161,0
DA:162,0
DA:163,0
DA:166,0
DA:168,0
DA:179,0
DA:181,0
DA:185,1
DA:186,0
DA:187,0
DA:188,0
DA:191,0
DA:192,0
DA:196,1
DA:197,0
DA:198,0
DA:202,1
DA:203,0
DA:207,1
DA:208,0
DA:212,1
DA:213,0
DA:214,0
DA:218,1
LF:88
LH:30
BRDA:9,0,0,1
BRDA:9,0,1,1
BRDA:10,1,0,1
BRDA:10,1,1,1
BRDA:42,2,0,1
BRDA:42,2,1,0
BRDA:44,3,0,1
BRDA:44,3,1,0
BRDA:49,4,0,0
BRDA:49,4,1,0
BRDA:63,5,0,0
BRDA:63,5,1,0
BRDA:98,6,0,0
BRDA:98,6,1,0
BRDA:104,7,0,0
BRDA:104,7,1,0
BRDA:127,8,0,0
BRDA:127,8,1,0
BRDA:135,9,0,0
BRDA:137,10,0,0
BRDA:137,10,1,0
BRDA:144,11,0,0
BRDA:144,11,1,0
BRDA:147,12,0,0
BRDA:147,12,1,0
BRDA:162,13,0,0
BRDA:162,13,1,0
BRDA:170,14,0,0
BRDA:170,14,1,0
BRDA:172,15,0,0
BRDA:172,15,1,0
BRDA:173,16,0,0
BRDA:173,16,1,0
BRDA:174,17,0,0
BRDA:174,17,1,0
BRDA:175,18,0,0
BRDA:175,18,1,0
BRDA:187,19,0,0
BRDA:187,19,1,0
BRDA:212,20,0,0
BRDA:212,20,1,1
BRF:41
BRH:7
end_of_record
